<?xml version="1.0" encoding="UTF-8"?>
<testsuite name="TicTacToeOnlineTest" tests="1" skipped="0" failures="1" errors="0" timestamp="2023-10-02T05:34:46" hostname="WIN-PK97IO7J39D" time="1.452">
  <properties/>
  <testcase name="start" classname="TicTacToeOnlineTest" time="1.452">
    <failure message="java.lang.AssertionError: Wrong answer in test #4&#10;&#10;Expected status: 200 OK&#10;Found:403 Forbidden&#10;Route: /game" type="java.lang.AssertionError">java.lang.AssertionError: Wrong answer in test #4

Expected status: 200 OK
Found:403 Forbidden
Route: /game
	at org.junit.Assert.fail(Assert.java:89)
	at org.hyperskill.hstest.stage.StageTest.start(StageTest.java:203)
	at java.base/jdk.internal.reflect.NativeMethodAccessorImpl.invoke0(Native Method)
	at java.base/jdk.internal.reflect.NativeMethodAccessorImpl.invoke(NativeMethodAccessorImpl.java:77)
	at java.base/jdk.internal.reflect.DelegatingMethodAccessorImpl.invoke(DelegatingMethodAccessorImpl.java:43)
	at java.base/java.lang.reflect.Method.invoke(Method.java:568)
	at org.junit.runners.model.FrameworkMethod$1.runReflectiveCall(FrameworkMethod.java:59)
	at org.junit.internal.runners.model.ReflectiveCallable.run(ReflectiveCallable.java:12)
	at org.junit.runners.model.FrameworkMethod.invokeExplosively(FrameworkMethod.java:56)
	at org.junit.internal.runners.statements.InvokeMethod.evaluate(InvokeMethod.java:17)
	at org.junit.runners.ParentRunner$3.evaluate(ParentRunner.java:306)
	at org.junit.runners.BlockJUnit4ClassRunner$1.evaluate(BlockJUnit4ClassRunner.java:100)
	at org.junit.runners.ParentRunner.runLeaf(ParentRunner.java:366)
	at org.junit.runners.BlockJUnit4ClassRunner.runChild(BlockJUnit4ClassRunner.java:103)
	at org.junit.runners.BlockJUnit4ClassRunner.runChild(BlockJUnit4ClassRunner.java:63)
	at org.junit.runners.ParentRunner$4.run(ParentRunner.java:331)
	at org.junit.runners.ParentRunner$1.schedule(ParentRunner.java:79)
	at org.junit.runners.ParentRunner.runChildren(ParentRunner.java:329)
	at org.junit.runners.ParentRunner.access$100(ParentRunner.java:66)
	at org.junit.runners.ParentRunner$2.evaluate(ParentRunner.java:293)
	at org.junit.runners.ParentRunner$3.evaluate(ParentRunner.java:306)
	at org.junit.runners.ParentRunner.run(ParentRunner.java:413)
	at org.gradle.api.internal.tasks.testing.junit.JUnitTestClassExecutor.runTestClass(JUnitTestClassExecutor.java:108)
	at org.gradle.api.internal.tasks.testing.junit.JUnitTestClassExecutor.execute(JUnitTestClassExecutor.java:57)
	at org.gradle.api.internal.tasks.testing.junit.JUnitTestClassExecutor.execute(JUnitTestClassExecutor.java:39)
	at org.gradle.api.internal.tasks.testing.junit.AbstractJUnitTestClassProcessor.processTestClass(AbstractJUnitTestClassProcessor.java:62)
	at org.gradle.api.internal.tasks.testing.SuiteTestClassProcessor.processTestClass(SuiteTestClassProcessor.java:52)
	at java.base/jdk.internal.reflect.NativeMethodAccessorImpl.invoke0(Native Method)
	at java.base/jdk.internal.reflect.NativeMethodAccessorImpl.invoke(NativeMethodAccessorImpl.java:77)
	at java.base/jdk.internal.reflect.DelegatingMethodAccessorImpl.invoke(DelegatingMethodAccessorImpl.java:43)
	at java.base/java.lang.reflect.Method.invoke(Method.java:568)
	at org.gradle.internal.dispatch.ReflectionDispatch.dispatch(ReflectionDispatch.java:36)
	at org.gradle.internal.dispatch.ReflectionDispatch.dispatch(ReflectionDispatch.java:24)
	at org.gradle.internal.dispatch.ContextClassLoaderDispatch.dispatch(ContextClassLoaderDispatch.java:33)
	at org.gradle.internal.dispatch.ProxyDispatchAdapter$DispatchingInvocationHandler.invoke(ProxyDispatchAdapter.java:94)
	at jdk.proxy1/jdk.proxy1.$Proxy2.processTestClass(Unknown Source)
	at org.gradle.api.internal.tasks.testing.worker.TestWorker$2.run(TestWorker.java:176)
	at org.gradle.api.internal.tasks.testing.worker.TestWorker.executeAndMaintainThreadName(TestWorker.java:129)
	at org.gradle.api.internal.tasks.testing.worker.TestWorker.execute(TestWorker.java:100)
	at org.gradle.api.internal.tasks.testing.worker.TestWorker.execute(TestWorker.java:60)
	at org.gradle.process.internal.worker.child.ActionExecutionWorker.execute(ActionExecutionWorker.java:56)
	at org.gradle.process.internal.worker.child.SystemApplicationClassLoaderWorker.call(SystemApplicationClassLoaderWorker.java:113)
	at org.gradle.process.internal.worker.child.SystemApplicationClassLoaderWorker.call(SystemApplicationClassLoaderWorker.java:65)
	at worker.org.gradle.process.internal.worker.GradleWorkerMain.run(GradleWorkerMain.java:69)
	at worker.org.gradle.process.internal.worker.GradleWorkerMain.main(GradleWorkerMain.java:74)
</failure>
  </testcase>
  <system-out><![CDATA[?[1;31m
Start test 1?[0m
?[1;31m
Start test 2?[0m
?[0;34m10:34:47.302 [main] INFO ktor.test - Autoreload is disabled because the development mode is off.
?[0m?[0;34m10:34:47.312 [main] INFO ktor.test - Application started in 0.093 seconds.
?[0;34m
?[0m?[0;34mpost("/signup")
?[0m?[0;34mreceivedText =  { "email":"alex@hyperskill.org", "password":"hs2023"} 
?[0;34muser = UserCredentials(email=alex@hyperskill.org, password=hs2023)
?[0m?[0;34mpost("/signup")
?[0m?[0;34mreceivedText =  { "email":"mira@hyperskill.org", "password":"112233"} 
?[1;31m
Start test 3?[0m
?[0;34muser = UserCredentials(email=mira@hyperskill.org, password=112233)10:34:48.225 [main] INFO ktor.test - Autoreload is disabled because the development mode is off.
?[0m?[0;34m10:34:48.226 [main] INFO ktor.test - Application started in 0.001 seconds.
?[0;34m
?[0m?[0;34mpost("/signup")
?[0m?[0;34mreceivedText =  { "email":"alex@hyperskill.org", "password":"1234"} 
?[0m?[0;34muser = UserCredentials(email=alex@hyperskill.org, password=1234)
?[0m?[0;34mpost("/signin")
?[0m?[0;34mreceivedText =  { "email":"alex@hyperskill.org", "password":"1234"} 
?[0m?[0;34muser =UserCredentials(email=alex@hyperskill.org, password=1234)
?[0m?[0;34m
?[0m?[0;34mpost("/signin")
?[0m?[0;34mreceivedText =  { "email":"alex@hyperskill.org", "password":"hs2023"} 
?[0m?[0;34muser =UserCredentials(email=alex@hyperskill.org, password=hs2023)
?[0m?[0;34mtoken = eyJ0eXAiOiJKV1QiLCJhbGciOiJIUzI1NiJ9.eyJlbWFpbCI6ImFsZXhAaHlwZXJza2lsbC5vcmcifQ.VQIBO0jQ8qW-308raJtSrvqufTEPDWcJyQsfwjnjTLQ
?[0m?[0;34m
?[0m?[0;34mpost("/signin")
?[0m?[0;34mreceivedText =  { "email":"mira@hyperskill.org", "password":"112233"} 
?[0m?[0;34muser =UserCredentials(email=mira@hyperskill.org, password=112233)
?[0m?[0;34mtoken = eyJ0eXAiOiJKV1QiLCJhbGciOiJIUzI1NiJ9.eyJlbWFpbCI6Im1pcmFAaHlwZXJza2lsbC5vcmcifQ.Q5JRRLXBVRbu16BcvcQNUMj_WXrEmFDLPM5QZYA9DFA
?[1;31m
Start test 4?[0m
?[0;34m10:34:48.312 [main] INFO ktor.test - Autoreload is disabled because the development mode is off.
?[0m?[0;34m10:34:48.314 [main] INFO ktor.test - Application started in 0.002 seconds.
?[0m?[0;34m
?[0m?[0;34mpost("/game")
?[0m?[0;34muserEmail from Token = mira@hyperskill.org
?[0m?[0;34mcall.receiveText() = {
?[0m?[0;34m    "player1": "mira@hyperskill.org",
?[0m?[0;34m    "player2": "",
?[0m?[0;34m    "size": "4x3",
?[0m?[0;34m    "private": false
?[0m?[0;34m}, isBlank = false
?[0m?[0;34mcatch => Creating a game failed
?[0m?[0;34m
?[0m?[0;34mpost("/game")
?[0m?[0;34muserEmail from Token = alex@hyperskill.org
?[0m?[0;34mcall.receiveText() = {
?[0m?[0;34m    "player1": "",
?[0m?[0;34m    "player2": "alex@hyperskill.org",
?[0m?[0;34m    "size": "3x6",
?[0m?[0;34m    "private": true
?[0m?[0;34m}, isBlank = false
?[0m?[0;34mcatch => Creating a game failed
]]></system-out>
  <system-err><![CDATA[]]></system-err>
</testsuite>
